"blank"			"=========================="
"blank"			"#Valve_Action_Title"
"blank"			"=========================="
"+forward"				"#Valve_Move_Forward"
"+back"					"#Valve_Move_Back"
"+left"					"#Valve_Move_Left"
"+right"				"#Valve_Move_Right"
"+walk"				"#Valve_Walk"
"+jump"					"#Valve_Jump"
"+melee"				"#Valve_Melee"
"+special"				"#Valve_Special"
"+interact"			"#Valve_Interact"
"+switchcharacter"			"#Valve_Switch_Character"
"+blockcrouch"			"#Valve_Block_Crouch"
"+aim"			"#Valve_Aim"
"+ranged"		"#Valve_Ranged_Attack"
"+sprint"		"#Valve_Sprint"
"+lockon"		"#Valve_Lock-On_Reset_Camera"
"inventory"		"#Valve_Inventory"
"+regroup"		"#Valve_Regroup_Characters"
"prev"		"#Valve_Previous_Weapon_Ability"
"next"		"#Valve_Next_Weapon_Ability"
"map"					"#Valve_Map"
